<?xml version="1.0" encoding="UTF-8"?>
<!-- Generated by org.testng.reporters.JUnitReportReporter -->
<testsuite hostname="DESKTOP-8L6OUC8" failures="0" tests="1" name="com.ProjectName.Utilities.DateAndTime" time="0.026" errors="0" timestamp="2023-10-13T05:28:15 GMT-07:00" skipped="0">
  <testcase classname="com.ProjectName.Utilities.DateAndTime" name="currentDateTime" time="0.026"/>
  <system-out/>
</testsuite> <!-- com.ProjectName.Utilities.DateAndTime -->
