<?xml version="1.0" encoding="UTF-8"?>
<!-- Generated by org.testng.reporters.JUnitReportReporter -->
<testsuite hostname="DESKTOP-8L6OUC8" failures="0" tests="3" name="com.ProjectName.Testclass.sample_data" time="4.929" errors="0" timestamp="2023-10-13T04:45:45 GMT-07:00" skipped="0">
  <testcase classname="com.ProjectName.Testclass.sample_data" name="enterData" time="1.221"/>
  <system-out/>
  <testcase classname="com.ProjectName.Testclass.sample_data" name="enterData" time="2.643"/>
  <system-out/>
  <testcase classname="com.ProjectName.Testclass.sample_data" name="enterData" time="1.065"/>
  <system-out/>
</testsuite> <!-- com.ProjectName.Testclass.sample_data -->
