<?xml version="1.0" encoding="UTF-8"?>
<!-- Generated by org.testng.reporters.JUnitReportReporter -->
<testsuite hostname="DESKTOP-8L6OUC8" failures="0" tests="2" name="com.ProjectName.Testclass.LoginTestVerification" time="3.635" errors="0" timestamp="2023-10-13T05:58:27 GMT-07:00" skipped="0">
  <testcase classname="com.ProjectName.Testclass.LoginTestVerification" name="SearchDropdown" time="3.495"/>
  <system-out/>
  <testcase classname="com.ProjectName.Testclass.LoginTestVerification" name="Method_LoginTest" time="0.140"/>
  <system-out/>
</testsuite> <!-- com.ProjectName.Testclass.LoginTestVerification -->
