<?xml version="1.0" encoding="UTF-8"?>
<!-- Generated by org.testng.reporters.JUnitReportReporter -->
<testsuite hostname="DESKTOP-8L6OUC8" failures="0" tests="5" name="com.ProjectName.Testclass.DataFromExcelSheet" time="7.626" errors="0" timestamp="2023-10-17T09:46:53 IST" skipped="0">
  <testcase classname="com.ProjectName.Testclass.DataFromExcelSheet" name="enterData" time="1.263"/>
  <testcase classname="com.ProjectName.Testclass.DataFromExcelSheet" name="enterData" time="1.589"/>
  <testcase classname="com.ProjectName.Testclass.DataFromExcelSheet" name="enterData" time="1.629"/>
  <testcase classname="com.ProjectName.Testclass.DataFromExcelSheet" name="enterData" time="1.601"/>
  <testcase classname="com.ProjectName.Testclass.DataFromExcelSheet" name="enterData" time="1.544"/>
</testsuite> <!-- com.ProjectName.Testclass.DataFromExcelSheet -->
